<?xml version="1.0" encoding="UTF-8"?>
<testsuite name="uk.gov.hmcts.reform.hmi.openapi.OpenAPIPublisherTest" tests="1" skipped="0" failures="0" errors="0" timestamp="2023-08-03T09:29:31" hostname="MJ003754" time="0.22">
  <properties/>
  <testcase name="Generate swagger documentation" classname="uk.gov.hmcts.reform.hmi.openapi.OpenAPIPublisherTest" time="0.22"/>
  <system-out><![CDATA[2023-08-03T10:29:29.754 INFO  [Test worker] o.s.t.c.support.AnnotationConfigContextLoaderUtils Could not detect default configuration classes for test class [uk.gov.hmcts.reform.hmi.openapi.OpenAPIPublisherTest]: OpenAPIPublisherTest does not declare any static, non-private, non-final, nested classes annotated with @Configuration.
2023-08-03T10:29:29.760 INFO  [Test worker] o.s.b.t.context.SpringBootTestContextBootstrapper Found @SpringBootConfiguration uk.gov.hmcts.reform.hmi.Application for test class uk.gov.hmcts.reform.hmi.openapi.OpenAPIPublisherTest

  .   ____          _            __ _ _
 /\\ / ___'_ __ _ _(_)_ __  __ _ \ \ \ \
( ( )\___ | '_ | '_| | '_ \/ _` | \ \ \ \
 \\/  ___)| |_)| | | | | || (_| |  ) ) ) )
  '  |____| .__|_| |_|_| |_\__, | / / / /
 =========|_|==============|___/=/_/_/_/
 :: Spring Boot ::                (v3.1.1)

2023-08-03T10:29:29.802 INFO  [Test worker] u.g.hmcts.reform.hmi.openapi.OpenAPIPublisherTest Starting OpenAPIPublisherTest using Java 17.0.5 with PID 26893 (started by josh.blackmoor in /Users/josh.blackmoor/IdeaProjects/hmi-apim-infrastructures)
2023-08-03T10:29:29.802 INFO  [Test worker] u.g.hmcts.reform.hmi.openapi.OpenAPIPublisherTest No active profile set, falling back to 1 default profile: "default"
2023-08-03T10:29:30.591 INFO  [Test worker] o.s.boot.web.embedded.tomcat.TomcatWebServer Tomcat initialized with port(s): 0 (http)
2023-08-03T10:29:30.606 INFO  [Test worker] org.apache.coyote.http11.Http11NioProtocol Initializing ProtocolHandler ["http-nio-auto-1"]
2023-08-03T10:29:30.608 INFO  [Test worker] org.apache.catalina.core.StandardService Starting service [Tomcat]
2023-08-03T10:29:30.608 INFO  [Test worker] org.apache.catalina.core.StandardEngine Starting Servlet engine: [Apache Tomcat/10.1.10]
2023-08-03T10:29:30.710 INFO  [Test worker] o.a.c.core.ContainerBase.[Tomcat].[localhost].[/] Initializing Spring embedded WebApplicationContext
2023-08-03T10:29:30.710 INFO  [Test worker] o.s.b.w.s.c.ServletWebServerApplicationContext Root WebApplicationContext: initialization completed in 906 ms
Standard Commons Logging discovery in action with spring-jcl: please remove commons-logging.jar from classpath in order to avoid potential conflicts
2023-08-03T10:29:31.187 INFO  [Test worker] o.a.c.core.ContainerBase.[Tomcat].[localhost].[/] Initializing Spring TestDispatcherServlet ''
2023-08-03T10:29:31.187 INFO  [Test worker] o.s.test.web.servlet.TestDispatcherServlet Initializing Servlet ''
2023-08-03T10:29:31.194 INFO  [Test worker] o.s.b.actuate.endpoint.web.EndpointLinksResolver Exposing 2 endpoint(s) beneath base path ''
2023-08-03T10:29:31.201 INFO  [Test worker] o.s.test.web.servlet.TestDispatcherServlet Completed initialization in 14 ms
2023-08-03T10:29:31.251 INFO  [Test worker] org.apache.coyote.http11.Http11NioProtocol Starting ProtocolHandler ["http-nio-auto-1"]
2023-08-03T10:29:31.270 INFO  [Test worker] o.s.boot.web.embedded.tomcat.TomcatWebServer Tomcat started on port(s): 52623 (http) with context path ''
2023-08-03T10:29:31.282 INFO  [Test worker] u.g.hmcts.reform.hmi.openapi.OpenAPIPublisherTest Started OpenAPIPublisherTest in 1.514 seconds (process running for 11.456)
2023-08-03T10:29:31.523 INFO  [Test worker] org.springdoc.api.AbstractOpenApiResource Init duration for springdoc-openapi is: 179 ms
]]></system-out>
  <system-err><![CDATA[]]></system-err>
</testsuite>
