<?xml version="1.0" encoding="UTF-8"?>
<testsuite name="uk.gov.hmcts.reform.rsecheck.DemoUnitTest" tests="1" skipped="0" failures="0" errors="0" timestamp="2023-08-03T09:29:37" hostname="MJ003754" time="0.021">
  <properties/>
  <testcase name="exampleOfTest()" classname="uk.gov.hmcts.reform.rsecheck.DemoUnitTest" time="0.021"/>
  <system-out><![CDATA[]]></system-out>
  <system-err><![CDATA[]]></system-err>
</testsuite>
